06.09.2025 - 21:51:15 - [TAB v5.2.5] Blocked attempt to add player regsexl into team NT_team_A_player_regsexl (expected team: 6regsexlA)
06.09.2025 - 22:18:47 - [TAB v5.2.5] Blocked attempt to add player zSxhio into team NT_team_A_player_zsxhio (expected team: 6zSxhioA)
06.09.2025 - 23:00:27 - [TAB v5.2.5] Blocked attempt to add player regsexl into team NT_team_A_player_regsexl (expected team: 6regsexlA)
06.09.2025 - 23:14:16 - [TAB v5.2.5] Blocked attempt to add player ghost17z into team NT_team_A_player_ghost17z (expected team: 6ghost17zA)
06.09.2025 - 23:53:43 - [TAB v5.2.5] Blocked attempt to add player ghost17z into team NT_team_A_player_ghost17z (expected team: 7ghost17zA)
07.09.2025 - 00:44:49 - [TAB v5.2.5] Blocked attempt to add player SpookyXitss into team NT_team_A_player_spookyxitss (expected team: 6SpookyXitssA)
07.09.2025 - 14:26:27 - [TAB v5.2.5] Blocked attempt to add player regsexl into team NT_team_A_player_regsexl (expected team: 6regsexlA)
07.09.2025 - 14:36:31 - [TAB v5.2.5] Blocked attempt to add player regsexl into team NT_team_A_player_regsexl (expected team: 6regsexlA)
07.09.2025 - 15:15:44 - [TAB v5.2.5] Blocked attempt to add player SpookyXitss into team NT_team_A_player_spookyxitss (expected team: 6SpookyXitssA)
07.09.2025 - 15:38:51 - [TAB v5.2.5] Blocked attempt to add player regsexl into team NT_team_A_player_regsexl (expected team: 6regsexlA)
07.09.2025 - 15:38:51 - [TAB v5.2.5] Blocked attempt to add player SpookyXitss into team NT_team_A_player_spookyxitss (expected team: 6SpookyXitssA)
07.09.2025 - 15:52:14 - [TAB v5.2.5] Blocked attempt to add player regsexl into team NT_team_A_player_regsexl (expected team: 6regsexlA)
07.09.2025 - 15:56:46 - [TAB v5.2.5] Blocked attempt to add player SpookyXitss into team NT_team_A_player_spookyxitss (expected team: 6SpookyXitssA)
07.09.2025 - 16:03:14 - [TAB v5.2.5] Blocked attempt to add player regsexl into team NT_team_A_player_regsexl (expected team: 6regsexlA)
07.09.2025 - 16:10:01 - [TAB v5.2.5] Blocked attempt to add player SpookyXitss into team NT_team_A_player_spookyxitss (expected team: 6SpookyXitssA)
07.09.2025 - 16:10:01 - [TAB v5.2.5] Blocked attempt to add player regsexl into team NT_team_A_player_regsexl (expected team: 6regsexlA)
07.09.2025 - 16:11:10 - [TAB v5.2.5] Blocked attempt to add player SpookyXitss into team NT_team_A_player_spookyxitss (expected team: 6SpookyXitssA)
07.09.2025 - 16:11:10 - [TAB v5.2.5] Blocked attempt to add player regsexl into team NT_team_A_player_regsexl (expected team: 6regsexlA)
07.09.2025 - 16:12:38 - [TAB v5.2.5] Blocked attempt to add player SpookyXitss into team NT_team_A_player_spookyxitss (expected team: 6SpookyXitssA)
07.09.2025 - 16:12:38 - [TAB v5.2.5] Blocked attempt to add player regsexl into team NT_team_A_player_regsexl (expected team: 6regsexlA)
07.09.2025 - 16:19:11 - [TAB v5.2.5] Blocked attempt to add player SpookyXitss into team NT_team_A_player_spookyxitss (expected team: 6SpookyXitssA)
07.09.2025 - 16:19:11 - [TAB v5.2.5] Blocked attempt to add player regsexl into team NT_team_A_player_regsexl (expected team: 6regsexlA)
07.09.2025 - 16:20:25 - [TAB v5.2.5] Blocked attempt to add player SpookyXitss into team NT_team_A_player_spookyxitss (expected team: 6SpookyXitssA)
07.09.2025 - 16:20:25 - [TAB v5.2.5] Blocked attempt to add player regsexl into team NT_team_A_player_regsexl (expected team: 6regsexlA)
08.09.2025 - 00:05:55 - [TAB v5.2.5] Blocked attempt to add player tworegsexl into team NT_team_A_player_tworegsexl (expected team: 6tworegsexlA)
08.09.2025 - 00:13:36 - [TAB v5.2.5] Blocked attempt to add player regsexl into team NT_team_A_player_regsexl (expected team: 6regsexlA)
